[INFO ] XMLUtilityUnitTest.testAmazonOrderConfirmation():81 - Comparing: Fanny Davidson
247 W 87TH ST APT 17F
NEW YORK, NY 10024-2850
United States



Fanny Davidson247 W 87TH ST APT 17FNEW YORK, NY 10024-2850United States
[INFO ] XMLUtilityUnitTest.testAmazonOrderConfirmation():81 - Comparing: Fanny Davidson
247 W 87TH ST APT 17F
NEW YORK, NY 10024-2850
United States



Fanny Davidson
247 W 87TH ST APT 17F
NEW YORK, NY 10024-2850
United States

[INFO ] XMLUtilityUnitTest.testAmazonOrderConfirmation():81 - Comparing: 
Fanny Davidson
247 W 87TH ST APT 17F
NEW YORK, NY 10024-2850
United States

 with 
Fanny Davidson
247 W 87TH ST APT 17F
NEW YORK, NY 10024-2850
United States

[INFO ] XMLUtilityUnitTest.testAmazonOrderConfirmation():81 - Comparing: 
Fanny Davidson
247 W 87TH ST APT 17F
NEW YORK, NY 10024-2850
United States

with

Fanny Davidson
247 W 87TH ST APT 17F
NEW YORK, NY 10024-2850
United States

